INFO:  latexindent.pl version 3.24.7, 2025-08-15, a script to indent .tex files
       latexindent.pl lives here: /opt/homebrew/Cellar/latexindent/3.24.7_1/libexec/bin/
       Thu Mar 19 08:30:10 2026
       Filename: /Users/elvismirandajunior/Documents/Repos/pysandu-competitive-programming-notebook/theoretical/Number Theory/__latexindent_temp_Euclid's Theorems.tex
INFO:  Processing switches:
       -y|--yaml: YAML settings specified via command line
       -c|--cruft: cruft directory
INFO:  Directory for backup files and log file /Users/elvismirandajunior/Documents/Repos/pysandu-competitive-programming-notebook/generate_latex/indent.log:
       /Users/elvismirandajunior/Documents/Repos/pysandu-competitive-programming-notebook/generate_latex/
INFO:  Perl modules are being loaded from the following directories:
       /opt/homebrew/opt/perl/lib/perl5/5.42/FindBin.pm
       /opt/homebrew/Cellar/latexindent/3.24.7_1/libexec/lib/perl5/YAML/Tiny.pm
       /opt/homebrew/opt/perl/lib/perl5/5.42/File/Copy.pm
       /opt/homebrew/opt/perl/lib/perl5/5.42/File/Basename.pm
       /opt/homebrew/opt/perl/lib/perl5/5.42/Getopt/Long.pm
       /opt/homebrew/Cellar/latexindent/3.24.7_1/libexec/lib/perl5/File/HomeDir.pm
INFO:  LatexIndent perl modules are being loaded from, for example:
       /opt/homebrew/Cellar/latexindent/3.24.7_1/libexec/lib/perl5/LatexIndent/Document.pm
INFO:  YAML settings read: defaultSettings.yaml
       Reading defaultSettings.yaml from /opt/homebrew/Cellar/latexindent/3.24.7_1/libexec/bin/defaultSettings.yaml
INFO:  YAML reading settings
       Home directory is /Users/elvismirandajunior
       latexindent.pl didn't find indentconfig.yaml or .indentconfig.yaml
       see all possible locations: https://latexindentpl.readthedocs.io/en/latest/sec-appendices.html#indentconfig-options)
INFO:  YAML settings read: -y switch
       YAML setting: defaultIndent:'    '
       single-quoted string found in -y switch: '    ', substitute to     
       Updating mainSettings with defaultIndent:     
INFO:  Phase 1: searching for objects
INFO:  Phase 2: finding surrounding indentation
INFO:  Phase 3: indenting objects
INFO:  Phase 4: final indentation check
INFO:  Output routine:
       Not outputting to file; see -w and -o switches for more options.
       --------------
INFO:  Please direct all communication/issues to:
        https://github.com/cmhughes/latexindent.pl
